<?xml version="1.0" encoding="UTF-8"?>
<!-- Generated by org.testng.reporters.JUnitReportReporter -->
<testsuite hostname="nitro-5" failures="0" tests="1" name="com.seleniumframework.test.DummyTest" time="4.087" errors="0" timestamp="2025-06-03T23:59:13 IST" skipped="0">
  <testcase classname="com.seleniumframework.test.DummyTest" name="test1" time="4.087"/>
</testsuite> <!-- com.seleniumframework.test.DummyTest -->
